<?xml version="1.0" encoding="UTF-8"?>
<!-- Generated by org.testng.reporters.JUnitReportReporter -->
<testsuite skipped="0" hostname="DESKTOP-GL47TEG" name="com.sageit.qa.testscripts.Module1" tests="1" failures="0" timestamp="25 Jul 2019 09:47:31 GMT" time="20.006" errors="0">
  <testcase name="TrialAssureAnonymization_TC001" time="20.006" classname="com.sageit.qa.testscripts.Module1"/>
</testsuite> <!-- com.sageit.qa.testscripts.Module1 -->
