<?xml version="1.0" encoding="UTF-8"?>
<!-- Generated by org.testng.reporters.JUnitReportReporter -->
<testsuite skipped="0" hostname="D039HYDW10" name="com.sageit.qa.testscripts.Module1" tests="2" failures="0" timestamp="02 Aug 2019 07:48:34 GMT" time="0.343" errors="0">
  <testcase name="VerifyTitle_TC001" time="0.280" classname="com.sageit.qa.testscripts.Module1"/>
  <testcase name="VerifyURL_TC002" time="0.063" classname="com.sageit.qa.testscripts.Module1"/>
</testsuite> <!-- com.sageit.qa.testscripts.Module1 -->
